# JRE version: Java(TM) SE Runtime Environment (7.0_45-b18) (build 1.7.0_45-b18)
# Java VM: Java HotSpot(TM) Client VM (24.45-b08 mixed mode, sharing linux-x86 )
Heap
 def new generation   total 17792K, used 0K [0x86080000, 0x873c0000, 0x89320000)
  eden space 15872K,   0% used [0x86080000, 0x86080000, 0x87000000)
  from space 1920K,   0% used [0x87000000, 0x87000000, 0x871e0000)
  to   space 1920K,   0% used [0x871e0000, 0x871e0000, 0x873c0000)
 tenured generation   total 39512K, used 35325K [0x89320000, 0x8b9b6000, 0x8f880000)
   the space 39512K,  89% used [0x89320000, 0x8b59f720, 0x8b59f800, 0x8b9b6000)
 compacting perm gen  total 12288K, used 6865K [0x8f880000, 0x90480000, 0x93880000)
   the space 12288K,  55% used [0x8f880000, 0x8ff34440, 0x8ff34600, 0x90480000)
    ro space 10240K,  48% used [0x93880000, 0x93d50bf0, 0x93d50c00, 0x94280000)
    rw space 12288K,  57% used [0x94280000, 0x94963f20, 0x94964000, 0x94e80000)
GC Heap History (10 events):
Event: 95.670 GC heap after
Heap after GC invocations=147 (full 11):
 def new generation   total 17792K, used 191K [0x86080000, 0x873c0000, 0x89320000)
  eden space 15872K,   0% used [0x86080000, 0x86080000, 0x87000000)
  from space 1920K,   9% used [0x871e0000, 0x8720fd58, 0x873c0000)
  to   space 1920K,   0% used [0x87000000, 0x87000000, 0x871e0000)
 tenured generation   total 39384K, used 31526K [0x89320000, 0x8b996000, 0x8f880000)
   the space 39384K,  80% used [0x89320000, 0x8b1e9a70, 0x8b1e9c00, 0x8b996000)
 compacting perm gen  total 12288K, used 6914K [0x8f880000, 0x90480000, 0x93880000)
   the space 12288K,  56% used [0x8f880000, 0x8ff40a98, 0x8ff40c00, 0x90480000)
    ro space 10240K,  48% used [0x93880000, 0x93d50bf0, 0x93d50c00, 0x94280000)
    rw space 12288K,  57% used [0x94280000, 0x94963f20, 0x94964000, 0x94e80000)
}
Event: 97.114 GC heap before
{Heap before GC invocations=147 (full 11):
 def new generation   total 17792K, used 16063K [0x86080000, 0x873c0000, 0x89320000)
  eden space 15872K, 100% used [0x86080000, 0x87000000, 0x87000000)
  from space 1920K,   9% used [0x871e0000, 0x8720fd58, 0x873c0000)
  to   space 1920K,   0% used [0x87000000, 0x87000000, 0x871e0000)
 tenured generation   total 39384K, used 31526K [0x89320000, 0x8b996000, 0x8f880000)
   the space 39384K,  80% used [0x89320000, 0x8b1e9a70, 0x8b1e9c00, 0x8b996000)
 compacting perm gen  total 12288K, used 6914K [0x8f880000, 0x90480000, 0x93880000)
   the space 12288K,  56% used [0x8f880000, 0x8ff40a98, 0x8ff40c00, 0x90480000)
    ro space 10240K,  48% used [0x93880000, 0x93d50bf0, 0x93d50c00, 0x94280000)
    rw space 12288K,  57% used [0x94280000, 0x94963f20, 0x94964000, 0x94e80000)
Event: 97.116 GC heap after
Heap after GC invocations=148 (full 11):
 def new generation   total 17792K, used 203K [0x86080000, 0x873c0000, 0x89320000)
  eden space 15872K,   0% used [0x86080000, 0x86080000, 0x87000000)
  from space 1920K,  10% used [0x87000000, 0x87032de0, 0x871e0000)
  to   space 1920K,   0% used [0x871e0000, 0x871e0000, 0x873c0000)
 tenured generation   total 39384K, used 31526K [0x89320000, 0x8b996000, 0x8f880000)
   the space 39384K,  80% used [0x89320000, 0x8b1e9a70, 0x8b1e9c00, 0x8b996000)
 compacting perm gen  total 12288K, used 6914K [0x8f880000, 0x90480000, 0x93880000)
   the space 12288K,  56% used [0x8f880000, 0x8ff40a98, 0x8ff40c00, 0x90480000)
    ro space 10240K,  48% used [0x93880000, 0x93d50bf0, 0x93d50c00, 0x94280000)
    rw space 12288K,  57% used [0x94280000, 0x94963f20, 0x94964000, 0x94e80000)
}
Event: 98.914 GC heap before
{Heap before GC invocations=148 (full 11):
 def new generation   total 17792K, used 16075K [0x86080000, 0x873c0000, 0x89320000)
  eden space 15872K, 100% used [0x86080000, 0x87000000, 0x87000000)
  from space 1920K,  10% used [0x87000000, 0x87032de0, 0x871e0000)
  to   space 1920K,   0% used [0x871e0000, 0x871e0000, 0x873c0000)
 tenured generation   total 39384K, used 31526K [0x89320000, 0x8b996000, 0x8f880000)
   the space 39384K,  80% used [0x89320000, 0x8b1e9a70, 0x8b1e9c00, 0x8b996000)
 compacting perm gen  total 12288K, used 6914K [0x8f880000, 0x90480000, 0x93880000)
   the space 12288K,  56% used [0x8f880000, 0x8ff40a98, 0x8ff40c00, 0x90480000)
    ro space 10240K,  48% used [0x93880000, 0x93d50bf0, 0x93d50c00, 0x94280000)
    rw space 12288K,  57% used [0x94280000, 0x94963f20, 0x94964000, 0x94e80000)
Event: 98.917 GC heap after
Heap after GC invocations=149 (full 11):
 def new generation   total 17792K, used 393K [0x86080000, 0x873c0000, 0x89320000)
  eden space 15872K,   0% used [0x86080000, 0x86080000, 0x87000000)
  from space 1920K,  20% used [0x871e0000, 0x87242488, 0x873c0000)
  to   space 1920K,   0% used [0x87000000, 0x87000000, 0x871e0000)
 tenured generation   total 39384K, used 31526K [0x89320000, 0x8b996000, 0x8f880000)
   the space 39384K,  80% used [0x89320000, 0x8b1e9a70, 0x8b1e9c00, 0x8b996000)
 compacting perm gen  total 12288K, used 6914K [0x8f880000, 0x90480000, 0x93880000)
   the space 12288K,  56% used [0x8f880000, 0x8ff40a98, 0x8ff40c00, 0x90480000)
    ro space 10240K,  48% used [0x93880000, 0x93d50bf0, 0x93d50c00, 0x94280000)
    rw space 12288K,  57% used [0x94280000, 0x94963f20, 0x94964000, 0x94e80000)
}
Event: 100.119 GC heap before
{Heap before GC invocations=149 (full 11):
 def new generation   total 17792K, used 16265K [0x86080000, 0x873c0000, 0x89320000)
  eden space 15872K, 100% used [0x86080000, 0x87000000, 0x87000000)
  from space 1920K,  20% used [0x871e0000, 0x87242488, 0x873c0000)
  to   space 1920K,   0% used [0x87000000, 0x87000000, 0x871e0000)
 tenured generation   total 39384K, used 31526K [0x89320000, 0x8b996000, 0x8f880000)
   the space 39384K,  80% used [0x89320000, 0x8b1e9a70, 0x8b1e9c00, 0x8b996000)
 compacting perm gen  total 12288K, used 6914K [0x8f880000, 0x90480000, 0x93880000)
   the space 12288K,  56% used [0x8f880000, 0x8ff40a98, 0x8ff40c00, 0x90480000)
    ro space 10240K,  48% used [0x93880000, 0x93d50bf0, 0x93d50c00, 0x94280000)
    rw space 12288K,  57% used [0x94280000, 0x94963f20, 0x94964000, 0x94e80000)
Event: 100.283 GC heap after
Heap after GC invocations=150 (full 11):
 def new generation   total 17792K, used 1920K [0x86080000, 0x873c0000, 0x89320000)
  eden space 15872K,   0% used [0x86080000, 0x86080000, 0x87000000)
  from space 1920K, 100% used [0x87000000, 0x871e0000, 0x871e0000)
  to   space 1920K,   0% used [0x871e0000, 0x871e0000, 0x873c0000)
 tenured generation   total 39384K, used 34014K [0x89320000, 0x8b996000, 0x8f880000)
   the space 39384K,  86% used [0x89320000, 0x8b457998, 0x8b457a00, 0x8b996000)
 compacting perm gen  total 12288K, used 6914K [0x8f880000, 0x90480000, 0x93880000)
   the space 12288K,  56% used [0x8f880000, 0x8ff40a98, 0x8ff40c00, 0x90480000)
    ro space 10240K,  48% used [0x93880000, 0x93d50bf0, 0x93d50c00, 0x94280000)
    rw space 12288K,  57% used [0x94280000, 0x94963f20, 0x94964000, 0x94e80000)
}
Event: 102.929 GC heap before
{Heap before GC invocations=150 (full 11):
 def new generation   total 17792K, used 17792K [0x86080000, 0x873c0000, 0x89320000)
  eden space 15872K, 100% used [0x86080000, 0x87000000, 0x87000000)
  from space 1920K, 100% used [0x87000000, 0x871e0000, 0x871e0000)
  to   space 1920K,   0% used [0x871e0000, 0x871e0000, 0x873c0000)
 tenured generation   total 39384K, used 34014K [0x89320000, 0x8b996000, 0x8f880000)
   the space 39384K,  86% used [0x89320000, 0x8b457998, 0x8b457a00, 0x8b996000)
 compacting perm gen  total 12288K, used 6914K [0x8f880000, 0x90480000, 0x93880000)
   the space 12288K,  56% used [0x8f880000, 0x8ff40a98, 0x8ff40c00, 0x90480000)
    ro space 10240K,  48% used [0x93880000, 0x93d50bf0, 0x93d50c00, 0x94280000)
    rw space 12288K,  57% used [0x94280000, 0x94963f20, 0x94964000, 0x94e80000)
Event: 103.051 GC heap after
Heap after GC invocations=151 (full 11):
 def new generation   total 17792K, used 1919K [0x86080000, 0x873c0000, 0x89320000)
  eden space 15872K,   0% used [0x86080000, 0x86080000, 0x87000000)
  from space 1920K,  99% used [0x871e0000, 0x873bfff8, 0x873c0000)
  to   space 1920K,   0% used [0x87000000, 0x87000000, 0x871e0000)
 tenured generation   total 39384K, used 37548K [0x89320000, 0x8b996000, 0x8f880000)
   the space 39384K,  95% used [0x89320000, 0x8b7cb2b8, 0x8b7cb400, 0x8b996000)
 compacting perm gen  total 12288K, used 6914K [0x8f880000, 0x90480000, 0x93880000)
   the space 12288K,  56% used [0x8f880000, 0x8ff40a98, 0x8ff40c00, 0x90480000)
    ro space 10240K,  48% used [0x93880000, 0x93d50bf0, 0x93d50c00, 0x94280000)
    rw space 12288K,  57% used [0x94280000, 0x94963f20, 0x94964000, 0x94e80000)
}
Event: 109.636 GC heap before
{Heap before GC invocations=151 (full 11):
 def new generation   total 17792K, used 17791K [0x86080000, 0x873c0000, 0x89320000)
  eden space 15872K, 100% used [0x86080000, 0x87000000, 0x87000000)
  from space 1920K,  99% used [0x871e0000, 0x873bfff8, 0x873c0000)
  to   space 1920K,   0% used [0x87000000, 0x87000000, 0x871e0000)
 tenured generation   total 39384K, used 37548K [0x89320000, 0x8b996000, 0x8f880000)
   the space 39384K,  95% used [0x89320000, 0x8b7cb2b8, 0x8b7cb400, 0x8b996000)
 compacting perm gen  total 12288K, used 6914K [0x8f880000, 0x90480000, 0x93880000)
   the space 12288K,  56% used [0x8f880000, 0x8ff40a98, 0x8ff40c00, 0x90480000)
    ro space 10240K,  48% used [0x93880000, 0x93d50bf0, 0x93d50c00, 0x94280000)
    rw space 12288K,  57% used [0x94280000, 0x94963f20, 0x94964000, 0x94e80000)

